<?xml version="1.0" encoding="UTF-8"?>
<!-- Generated by org.testng.reporters.JUnitReportReporter -->
<testsuite hostname="LAPTOP-2KKCO9Q0" failures="0" tests="4" name="executeClasses.StorePageTestClass" time="87.399" errors="0" timestamp="2023-02-16T16:32:06 IST" skipped="0">
  <testcase classname="executeClasses.StorePageTestClass" name="verifyTheStoresPageIsVisibleByClickingOnStoresTab" time="21.395"/>
  <system-out/>
  <testcase classname="executeClasses.StorePageTestClass" name="verifyToCreateANewStore" time="30.118"/>
  <system-out/>
  <testcase classname="executeClasses.StorePageTestClass" name="verifyStoreNameSearchByUsingStoreName" time="21.026"/>
  <system-out/>
  <testcase classname="executeClasses.StorePageTestClass" name="verifyTheAddStoreButtonIsVisible" time="14.860"/>
  <system-out/>
</testsuite> <!-- executeClasses.StorePageTestClass -->
