<?xml version="1.0" encoding="UTF-8"?>
<!-- Generated by org.testng.reporters.JUnitReportReporter -->
<testsuite hostname="LAPTOP-2KKCO9Q0" failures="0" tests="3" name="executeClasses.HomePageTestClass" time="47.584" errors="0" timestamp="2023-02-16T12:42:10 IST" skipped="0">
  <testcase classname="executeClasses.HomePageTestClass" name="varifyProductTabIsDisplayedOrNot" time="14.119"/>
  <system-out/>
  <testcase classname="executeClasses.HomePageTestClass" name="varifyD4StoreIsDisplayedOrNot" time="12.367"/>
  <system-out/>
  <testcase classname="executeClasses.HomePageTestClass" name="varifyLogoutButtonIsWorkingOrNot" time="21.098"/>
  <system-out/>
</testsuite> <!-- executeClasses.HomePageTestClass -->
