<?xml version="1.0" encoding="UTF-8"?>
<!-- Generated by org.testng.reporters.JUnitReportReporter -->
<testsuite hostname="LAPTOP-2KKCO9Q0" failures="0" tests="1" name="executeClasses.ProductPageTestClass" time="30.425" errors="0" timestamp="2023-02-16T14:04:24 IST" skipped="0">
  <testcase classname="executeClasses.ProductPageTestClass" name="verifyDeleteFunctinalityOfTheProduct" time="30.425"/>
  <system-out/>
</testsuite> <!-- executeClasses.ProductPageTestClass -->
