<?xml version="1.0" encoding="UTF-8"?>
<!-- Generated by org.testng.reporters.JUnitReportReporter -->
<testsuite hostname="LAPTOP-2KKCO9Q0" failures="0" tests="1" name="executeClasses.SalesPageTestClass" time="72.485" errors="0" timestamp="2023-02-16T16:30:22 IST" skipped="0">
  <testcase classname="executeClasses.SalesPageTestClass" name="verifyTheSalesPageIsVisibleByClickingOnSalesTab" time="72.485"/>
  <system-out/>
</testsuite> <!-- executeClasses.SalesPageTestClass -->
