<?xml version="1.0" encoding="UTF-8"?>
<!-- Generated by org.testng.reporters.JUnitReportReporter -->
<testsuite hostname="LAPTOP-2KKCO9Q0" failures="0" tests="6" name="executeClasses.LoginPageTestClass" time="81.468" errors="0" timestamp="2023-02-16T12:25:05 IST" skipped="0">
  <testcase classname="executeClasses.LoginPageTestClass" name="varifyTheLoginPageIsDisplayedByHittingTheUrl" time="12.917"/>
  <system-out/>
  <testcase classname="executeClasses.LoginPageTestClass" name="varifyTheRestaurantLogoIsDisplayed" time="7.215"/>
  <system-out/>
  <testcase classname="executeClasses.LoginPageTestClass" name="varifySuccessfulLogin" time="21.503"/>
  <system-out/>
  <testcase classname="executeClasses.LoginPageTestClass" name="varifyUnSuccessfulLogin" time="13.323"/>
  <system-out/>
  <testcase classname="executeClasses.LoginPageTestClass" name="varifyUnSuccessfulLogin" time="13.251"/>
  <system-out/>
  <testcase classname="executeClasses.LoginPageTestClass" name="varifyUnSuccessfulLogin" time="13.259"/>
  <system-out/>
</testsuite> <!-- executeClasses.LoginPageTestClass -->
