<?xml version="1.0" encoding="UTF-8"?>
<!-- Generated by org.testng.reporters.JUnitReportReporter -->
<testsuite hostname="LAPTOP-2KKCO9Q0" failures="0" tests="3" name="executeClasses.HomePageTestClass" time="43.989" errors="0" timestamp="2023-02-25T13:09:31 IST" skipped="0">
  <testcase classname="executeClasses.HomePageTestClass" name="varifyProductTabIsDisplayed" time="12.259"/>
  <system-out/>
  <testcase classname="executeClasses.HomePageTestClass" name="varifyD4StoreIsDisplayed" time="13.069"/>
  <system-out/>
  <testcase classname="executeClasses.HomePageTestClass" name="varifyLogoutButtonIsWorking" time="18.661"/>
  <system-out/>
</testsuite> <!-- executeClasses.HomePageTestClass -->
