<?xml version="1.0" encoding="UTF-8"?>
<!-- Generated by org.testng.reporters.JUnitReportReporter -->
<testsuite hostname="LAPTOP-2KKCO9Q0" failures="0" tests="5" name="executeClasses.CustomersPageTestClass" time="82.353" errors="0" timestamp="2023-02-16T16:58:53 IST" skipped="0">
  <testcase classname="executeClasses.CustomersPageTestClass" name="verifyThecustomerPageIsVisibleByClickingOncustomersunderPeopleTab" time="19.856"/>
  <system-out/>
  <testcase classname="executeClasses.CustomersPageTestClass" name="verifyTheAddcustomerButtonIsVisibleOrNot" time="14.556"/>
  <system-out/>
  <testcase classname="executeClasses.CustomersPageTestClass" name="veriytoAddaNewcustomer" time="17.573"/>
  <system-out/>
  <testcase classname="executeClasses.CustomersPageTestClass" name="verifytoSearchACustomerByUsingName" time="14.851"/>
  <system-out/>
  <testcase classname="executeClasses.CustomersPageTestClass" name="verifytoSearchACustomerByUsingMobileNumber" time="15.517"/>
  <system-out/>
</testsuite> <!-- executeClasses.CustomersPageTestClass -->
