<?xml version="1.0" encoding="UTF-8"?>
<!-- Generated by org.testng.reporters.JUnitReportReporter -->
<testsuite hostname="LAPTOP-2KKCO9Q0" failures="0" tests="6" name="executeClasses.ProductPageTestClass" time="46.138" errors="0" timestamp="2023-02-27T08:40:55 IST" skipped="5">
  <testcase classname="executeClasses.ProductPageTestClass" name="verifyTheProductPageIsOpenedWhileClickingOnProductTab" time="46.138"/>
  <system-out/>
  <testcase classname="executeClasses.ProductPageTestClass" name="verifySearchFunctionalityByUsingProductName">
    <skipped/>
  </testcase> <!-- verifySearchFunctionalityByUsingProductName -->
  <system-out/>
  <testcase classname="executeClasses.ProductPageTestClass" name="verifyDeleteFunctinalityOfTheProduct">
    <skipped/>
  </testcase> <!-- verifyDeleteFunctinalityOfTheProduct -->
  <system-out/>
  <testcase classname="executeClasses.ProductPageTestClass" name="verifySearchFunctionalityByUsingProductCode">
    <skipped/>
  </testcase> <!-- verifySearchFunctionalityByUsingProductCode -->
  <system-out/>
  <testcase classname="executeClasses.ProductPageTestClass" name="verifyToAddNewProduct">
    <skipped/>
  </testcase> <!-- verifyToAddNewProduct -->
  <system-out/>
  <testcase classname="executeClasses.ProductPageTestClass" name="verifyTheEditFunctionalityOfTheProduct">
    <skipped/>
  </testcase> <!-- verifyTheEditFunctionalityOfTheProduct -->
  <system-out/>
</testsuite> <!-- executeClasses.ProductPageTestClass -->
