<?xml version="1.0" encoding="UTF-8"?>
<!-- Generated by org.testng.reporters.JUnitReportReporter -->
<testsuite hostname="LAPTOP-2KKCO9Q0" failures="0" tests="2" name="executeClasses.ExpensePageTestClass" time="33.405" errors="0" timestamp="2023-02-16T16:33:17 IST" skipped="0">
  <testcase classname="executeClasses.ExpensePageTestClass" name="verifyTheExpensePageIsOpenedByClickingTheExpenseTab" time="20.015"/>
  <system-out/>
  <testcase classname="executeClasses.ExpensePageTestClass" name="verifyTheAddExpenseButtonIsVisibleOrNot" time="13.390"/>
  <system-out/>
</testsuite> <!-- executeClasses.ExpensePageTestClass -->
