<?xml version="1.0" encoding="UTF-8"?>
<!-- Generated by org.testng.reporters.JUnitReportReporter -->
<testsuite hostname="LAPTOP-2KKCO9Q0" failures="0" tests="5" name="executeClasses.WaitersPageTestClass" time="74.926" errors="0" timestamp="2023-02-16T16:37:25 IST" skipped="0">
  <testcase classname="executeClasses.WaitersPageTestClass" name="verifyTheWaiterPageIsVisibleByClickingOnWaiterUnderPeopleTab" time="15.189"/>
  <system-out/>
  <testcase classname="executeClasses.WaitersPageTestClass" name="verifyTheAddWaiterButtonIsVisible" time="13.699"/>
  <system-out/>
  <testcase classname="executeClasses.WaitersPageTestClass" name="verifyToAddANewWaiter" time="16.810"/>
  <system-out/>
  <testcase classname="executeClasses.WaitersPageTestClass" name="verifyToSearchAWaiterUsingName" time="14.185"/>
  <system-out/>
  <testcase classname="executeClasses.WaitersPageTestClass" name="verifyToSearchAWaiterUsingMobileNumber" time="15.043"/>
  <system-out/>
</testsuite> <!-- executeClasses.WaitersPageTestClass -->
